
> @cars-auto/web@1.0.0 build
> next build

  ▲ Next.js 14.2.35
  - Environments: .env.local
  - Experiments (use with caution):
    · typedRoutes

   Creating an optimized production build ...
Failed to compile.

./src/app/[locale]/dashboard/listings/page.tsx
Module not found: Can't resolve '@/lib/api'

https://nextjs.org/docs/messages/module-not-found

./src/app/[locale]/(auth)/login/page.tsx
Module not found: Can't resolve '@/components/features/auth/LoginForm'

https://nextjs.org/docs/messages/module-not-found

./src/app/[locale]/(public)/layout.tsx
Module not found: Can't resolve '@/components/layouts/PublicLayout'

https://nextjs.org/docs/messages/module-not-found

./src/app/[locale]/(public)/page.tsx
Module not found: Can't resolve '@/components/features/home/HeroSearch'

https://nextjs.org/docs/messages/module-not-found

./src/app/[locale]/(public)/page.tsx
Module not found: Can't resolve '@/components/features/home/FeaturedCars'

https://nextjs.org/docs/messages/module-not-found


> Build failed because of webpack errors
npm error Lifecycle script `build` failed with error:
npm error code 1
npm error path /workspaces/Cars-Auto./apps/web
npm error workspace @cars-auto/web@1.0.0
npm error location /workspaces/Cars-Auto./apps/web
npm error command failed
npm error command sh -c next build
